Using pre-set license
Built from '2020.3/staging' branch; Version is '2020.3.48f1 (b805b124c6b7) revision 12060081'; Using compiler version '192528614'; Build Type 'Release'
OS: 'Windows 10  (10.0.19045) 64bit Professional' Language: 'tr' Physical Memory: 16222 MB
BatchMode: 1, IsHumanControllingUs: 0, StartBugReporterOnCrash: 0, Is64bit: 1, IsPro: 0

COMMAND LINE ARGUMENTS:
C:\Program Files\Unity\Hub\Editor\2020.3.48f1\Editor\Unity.exe
-adb2
-batchMode
-noUpm
-name
AssetImportWorker0
-projectPath
C:/Users/bora_/Desktop/GameProjects/Asteroid/Asteroid(Finish)/Asteroids
-logFile
Logs/AssetImportWorker0.log
-srvPort
50131
Successfully changed project path to: C:/Users/bora_/Desktop/GameProjects/Asteroid/Asteroid(Finish)/Asteroids
C:/Users/bora_/Desktop/GameProjects/Asteroid/Asteroid(Finish)/Asteroids
Using Asset Import Pipeline V2.
Player connection [3152] Host "[IP] 192.168.1.11 [Port] 805523936 [Flags] 2 [Guid] 3324039239 [EditorId] 3324039239 [Version] 1048832 [Id] WindowsEditor(7,DESKTOP-E1TBH03) [Debug] 1 [PackageName] WindowsEditor [ProjectName] Editor" joined multi-casting on [225.0.0.222:54997]...

Player connection [3152] Host "[IP] 192.168.1.11 [Port] 805523936 [Flags] 2 [Guid] 3324039239 [EditorId] 3324039239 [Version] 1048832 [Id] WindowsEditor(7,DESKTOP-E1TBH03) [Debug] 1 [PackageName] WindowsEditor [ProjectName] Editor" joined alternative multi-casting on [225.0.0.222:34997]...

Refreshing native plugins compatible for Editor in 28.99 ms, found 2 plugins.
Preloading 0 native plugins for Editor in 0.00 ms.
Initialize engine version: 2020.3.48f1 (b805b124c6b7)
[Subsystems] Discovering subsystems at path C:/Program Files/Unity/Hub/Editor/2020.3.48f1/Editor/Data/Resources/UnitySubsystems
[Subsystems] Discovering subsystems at path C:/Users/bora_/Desktop/GameProjects/Asteroid/Asteroid(Finish)/Asteroids/Assets
GfxDevice: creating device client; threaded=0
Direct3D:
    Version:  Direct3D 11.0 [level 11.1]
    Renderer: NVIDIA GeForce GTX 1650 Ti (ID=0x1f95)
    Vendor:   
    VRAM:     3949 MB
    Driver:   31.0.15.3179
Initialize mono
Mono path[0] = 'C:/Program Files/Unity/Hub/Editor/2020.3.48f1/Editor/Data/Managed'
Mono path[1] = 'C:/Program Files/Unity/Hub/Editor/2020.3.48f1/Editor/Data/MonoBleedingEdge/lib/mono/unityjit'
Mono config path = 'C:/Program Files/Unity/Hub/Editor/2020.3.48f1/Editor/Data/MonoBleedingEdge/etc'
Using monoOptions --debugger-agent=transport=dt_socket,embedding=1,server=y,suspend=n,address=127.0.0.1:56624
Begin MonoManager ReloadAssembly
Registering precompiled unity dll's ...
Register platform support module: C:/Program Files/Unity/Hub/Editor/2020.3.48f1/Editor/Data/PlaybackEngines/WebGLSupport/UnityEditor.WebGL.Extensions.dll
Register platform support module: C:/Program Files/Unity/Hub/Editor/2020.3.48f1/Editor/Data/PlaybackEngines/MacStandaloneSupport/UnityEditor.OSXStandalone.Extensions.dll
Register platform support module: C:/Program Files/Unity/Hub/Editor/2020.3.48f1/Editor/Data/PlaybackEngines/WindowsStandaloneSupport/UnityEditor.WindowsStandalone.Extensions.dll
Registered in 0.002039 seconds.
Native extension for WindowsStandalone target not found
Native extension for OSXStandalone target not found
Native extension for WebGL target not found
Refreshing native plugins compatible for Editor in 23.69 ms, found 2 plugins.
Preloading 0 native plugins for Editor in 0.00 ms.
Mono: successfully reloaded assembly
- Completed reload, in  0.524 seconds
Domain Reload Profiling:
	ReloadAssembly (524ms)
		BeginReloadAssembly (56ms)
			ExecutionOrderSort (0ms)
			DisableScriptedObjects (0ms)
			BackupInstance (0ms)
			ReleaseScriptingObjects (0ms)
			CreateAndSetChildDomain (1ms)
		EndReloadAssembly (401ms)
			LoadAssemblies (55ms)
			RebuildTransferFunctionScriptingTraits (0ms)
			SetupTypeCache (140ms)
			ReleaseScriptCaches (0ms)
			RebuildScriptCaches (30ms)
			SetupLoadedEditorAssemblies (144ms)
				LogAssemblyErrors (0ms)
				InitializePlatformSupportModulesInManaged (6ms)
				SetLoadedEditorAssemblies (0ms)
				RefreshPlugins (24ms)
				BeforeProcessingInitializeOnLoad (14ms)
				ProcessInitializeOnLoadAttributes (76ms)
				ProcessInitializeOnLoadMethodAttributes (24ms)
				AfterProcessingInitializeOnLoad (0ms)
				EditorAssembliesLoaded (0ms)
			ExecutionOrderSort2 (0ms)
			AwakeInstancesAfterBackupRestoration (0ms)
Platform modules already initialized, skipping
Registering precompiled user dll's ...
Registered in 0.002202 seconds.
Begin MonoManager ReloadAssembly
Native extension for WindowsStandalone target not found
Native extension for OSXStandalone target not found
Native extension for WebGL target not found
Refreshing native plugins compatible for Editor in 0.28 ms, found 2 plugins.
Preloading 0 native plugins for Editor in 0.00 ms.
Mono: successfully reloaded assembly
- Completed reload, in  0.927 seconds
Domain Reload Profiling:
	ReloadAssembly (928ms)
		BeginReloadAssembly (123ms)
			ExecutionOrderSort (0ms)
			DisableScriptedObjects (4ms)
			BackupInstance (0ms)
			ReleaseScriptingObjects (0ms)
			CreateAndSetChildDomain (16ms)
		EndReloadAssembly (754ms)
			LoadAssemblies (73ms)
			RebuildTransferFunctionScriptingTraits (0ms)
			SetupTypeCache (248ms)
			ReleaseScriptCaches (0ms)
			RebuildScriptCaches (46ms)
			SetupLoadedEditorAssemblies (305ms)
				LogAssemblyErrors (0ms)
				InitializePlatformSupportModulesInManaged (7ms)
				SetLoadedEditorAssemblies (0ms)
				RefreshPlugins (0ms)
				BeforeProcessingInitializeOnLoad (78ms)
				ProcessInitializeOnLoadAttributes (206ms)
				ProcessInitializeOnLoadMethodAttributes (8ms)
				AfterProcessingInitializeOnLoad (6ms)
				EditorAssembliesLoaded (0ms)
			ExecutionOrderSort2 (0ms)
			AwakeInstancesAfterBackupRestoration (2ms)
Platform modules already initialized, skipping
========================================================================
Worker process is ready to serve import requests
Launched and connected shader compiler UnityShaderCompiler.exe after 0.03 seconds
Refreshing native plugins compatible for Editor in 0.28 ms, found 2 plugins.
Preloading 0 native plugins for Editor in 0.00 ms.
Unloading 1422 Unused Serialized files (Serialized files now loaded: 0)
System memory in use before: 65.9 MB.
System memory in use after: 66.0 MB.

Unloading 16 unused Assets to reduce memory usage. Loaded Objects now: 1856.
Total: 2.229700 ms (FindLiveObjects: 0.108100 ms CreateObjectMapping: 0.042700 ms MarkObjects: 2.027700 ms  DeleteObjects: 0.050400 ms)

AssetImportParameters requested are different than current active one (requested -> active):
  custom:framework-win-MediaFoundation: 216162199b28c13a410421893ffa2e32 -> 
  custom:video-decoder-ogg-theora: a1e56fd34408186e4bbccfd4996cb3dc -> 
  custom:container-muxer-webm: aa71ff27fc2769a1b78a27578f13a17b -> 
  custom:container-demuxer-webm: 4f35f7cbe854078d1ac9338744f61a02 -> 
  custom:container-demuxer-ogg: 62fdf1f143b41e24485cea50d1cbac27 -> 
  custom:video-encoder-webm-vp8: eb34c28f22e8b96e1ab97ce403110664 -> 
  custom:video-decoder-webm-vp8: 9c59270c3fd7afecdb556c50c9e8de78 -> 
  custom:audio-decoder-ogg-vorbis: bf7c407c2cedff20999df2af8eb42d56 -> 
  custom:audio-encoder-webm-vorbis: bf7c407c2cedff20999df2af8eb42d56 -> 
========================================================================
Received Import Request.
  path: Assets/Prefabs/Asteroid.prefab
  artifactKey: Guid(36d6b9b04b8b3de408b1ee1b1123d027) Importer(815301076,1909f56bfc062723c751e8b465ee728b)
Start importing Assets/Prefabs/Asteroid.prefab using Guid(36d6b9b04b8b3de408b1ee1b1123d027) Importer(815301076,1909f56bfc062723c751e8b465ee728b)  -> (artifact id: '6466aace73b43f2f40d4e4251caedf61') in 0.085301 seconds 
========================================================================
Received Import Request.
  Time since last request: 0.000167 seconds.
  path: Assets/Scenes/scene0.unity
  artifactKey: Guid(0275ebb2f7a69db49a06e8c7ebdbdbc7) Importer(815301076,1909f56bfc062723c751e8b465ee728b)
Start importing Assets/Scenes/scene0.unity using Guid(0275ebb2f7a69db49a06e8c7ebdbdbc7) Importer(815301076,1909f56bfc062723c751e8b465ee728b)  -> (artifact id: 'c857a2ddfcb49b5e5e6ed3517211c5f9') in 0.007152 seconds 
========================================================================
Received Import Request.
  Time since last request: 0.000216 seconds.
  path: Assets/Prefabs/Bullet.prefab
  artifactKey: Guid(7bdc5d023b0c3034293d8b4561645164) Importer(815301076,1909f56bfc062723c751e8b465ee728b)
Start importing Assets/Prefabs/Bullet.prefab using Guid(7bdc5d023b0c3034293d8b4561645164) Importer(815301076,1909f56bfc062723c751e8b465ee728b)  -> (artifact id: '7999417f85d962a379a5ed86981b3051') in 0.013768 seconds 
========================================================================
Received Import Request.
  Time since last request: 2.349333 seconds.
  path: Assets/Sprites/bullet.png
  artifactKey: Guid(dd3037bb24635fb4a9e69e9c20573a4e) Importer(815301076,1909f56bfc062723c751e8b465ee728b)
Start importing Assets/Sprites/bullet.png using Guid(dd3037bb24635fb4a9e69e9c20573a4e) Importer(815301076,1909f56bfc062723c751e8b465ee728b)  -> (artifact id: 'e212991cbdbd98a6be9193f2b77f8947') in 0.066212 seconds 
========================================================================
Received Import Request.
  Time since last request: 0.178493 seconds.
  path: Assets/Sprites/greenasteroid.png
  artifactKey: Guid(1dc2afce18103e446a68aae0c250c249) Importer(815301076,1909f56bfc062723c751e8b465ee728b)
Start importing Assets/Sprites/greenasteroid.png using Guid(1dc2afce18103e446a68aae0c250c249) Importer(815301076,1909f56bfc062723c751e8b465ee728b)  -> (artifact id: 'fe3d30a9eb9b57dbe5c47eb276aaa49a') in 0.018393 seconds 
========================================================================
Received Import Request.
  Time since last request: 0.249247 seconds.
  path: Assets/Sprites/magentaasteroid.png
  artifactKey: Guid(a71dfd459b728984cbffaea96b60e8ed) Importer(815301076,1909f56bfc062723c751e8b465ee728b)
Start importing Assets/Sprites/magentaasteroid.png using Guid(a71dfd459b728984cbffaea96b60e8ed) Importer(815301076,1909f56bfc062723c751e8b465ee728b)  -> (artifact id: '1f62d2d2e113a0bda48cab06ef96c0ab') in 0.013583 seconds 
========================================================================
Received Import Request.
  Time since last request: 0.268470 seconds.
  path: Assets/Sprites/whiteasteroid.png
  artifactKey: Guid(01fa3f8bf3242a04388f8c5d74a5cd99) Importer(815301076,1909f56bfc062723c751e8b465ee728b)
Start importing Assets/Sprites/whiteasteroid.png using Guid(01fa3f8bf3242a04388f8c5d74a5cd99) Importer(815301076,1909f56bfc062723c751e8b465ee728b)  -> (artifact id: 'cfbfdc14f6f322a267562fb769e1590a') in 0.012867 seconds 
AssetImportWorkerClient::OnTransportError - code=2 error=End of file
